[+] Containers:
 |- [+] Container: /Game/ThirdPerson/Maps/DefaultThirdPersonMap
 |   |- [+] ActorDescs:
 |   |   |- Guid:08F9DC56444CFFF3F13B379E81EF05BC BaseClass: NativeClass:/Script/Engine.StaticMeshActor Name:StaticMeshActor_16 Label:SM_Cube11 SpatiallyLoaded:1 Bounds:IsValid=true, Min=(X=400.000 Y=2600.000 Z=0.000), Max=(X=700.000 Y=2900.000 Z=200.000) RuntimeGrid:None EditorOnly:0 RuntimeOnly:0 HLODRelevant:1 ListedInSceneOutliner:1 IsMainWorldOnly:0 FolderPath:Block03 FolderGuid:7B7009C345D3D6DD94D3429E1D79C034
 |   |   |- Guid:0A733B864C327F0B589EC8BBDD0265BC BaseClass: NativeClass:/Script/Engine.StaticMeshActor Name:StaticMeshActor_13 Label:SM_Cube9 SpatiallyLoaded:1 Bounds:IsValid=true, Min=(X=1800.000 Y=1500.000 Z=0.000), Max=(X=2000.000 Y=2200.000 Z=100.000) RuntimeGrid:None EditorOnly:0 RuntimeOnly:0 HLODRelevant:1 ListedInSceneOutliner:1 IsMainWorldOnly:0 FolderPath:Block01 FolderGuid:7D23E5AE4C2A421F86AF6986D87E6D05
 |   |   |- Guid:1A789DC8415097E9856E5DB60740F01D BaseClass: NativeClass:/Script/Engine.StaticMeshActor Name:StaticMeshActor_34 Label:SM_QuarterCylinder13 SpatiallyLoaded:1 Bounds:IsValid=true, Min=(X=2000.000 Y=500.000 Z=0.000), Max=(X=2200.000 Y=700.000 Z=100.000) RuntimeGrid:None EditorOnly:0 RuntimeOnly:0 HLODRelevant:1 ListedInSceneOutliner:1 IsMainWorldOnly:0 FolderPath:Cylinder FolderGuid:D075E5BA49330D3EC2503D81A7CF88D1
 |   |   |- Guid:1B9598344A1F20E1A5125DA8A7E9FC0F BaseClass: NativeClass:/Script/Engine.StaticMeshActor Name:StaticMeshActor_22 Label:SM_QuarterCylinder4 SpatiallyLoaded:1 Bounds:IsValid=true, Min=(X=300.000 Y=2600.000 Z=0.000), Max=(X=400.000 Y=2700.000 Z=200.000) RuntimeGrid:None EditorOnly:0 RuntimeOnly:0 HLODRelevant:1 ListedInSceneOutliner:1 IsMainWorldOnly:0 FolderPath:Block03 FolderGuid:7B7009C345D3D6DD94D3429E1D79C034
 |   |   |- Guid:26B8C3BE41021A3F42B61FA534F9181E BaseClass: NativeClass:/Script/Engine.StaticMeshActor Name:StaticMeshActor_20 Label:SM_Cube12 SpatiallyLoaded:1 Bounds:IsValid=true, Min=(X=2500.000 Y=2700.000 Z=0.000), Max=(X=2600.000 Y=2800.000 Z=200.000) RuntimeGrid:None EditorOnly:0 RuntimeOnly:0 HLODRelevant:1 ListedInSceneOutliner:1 IsMainWorldOnly:0 FolderPath:Block02 FolderGuid:EBA23F8248252949750E43911A3A1CDD
 |   |   |- Guid:2FB58999456391D349DC0F86DAC136ED BaseClass: NativeClass:/Script/Engine.SkyLight Name:SkyLight_1 Label:SkyLight SpatiallyLoaded:0 Bounds:IsValid=true, Min=(X=0.000 Y=0.000 Z=690.000), Max=(X=0.000 Y=0.000 Z=690.000) RuntimeGrid:None EditorOnly:0 RuntimeOnly:0 HLODRelevant:0 ListedInSceneOutliner:1 IsMainWorldOnly:0 FolderPath:Lighting FolderGuid:963EC3EB4002CCE9759E2EBA541A873A
 |   |   |- Guid:316CF2A6494ACA4C0E4180A87D36AB8F BaseClass: NativeClass:/Script/Engine.ExponentialHeightFog Name:ExponentialHeightFog_0 Label:ExponentialHeightFog SpatiallyLoaded:0 Bounds:IsValid=true, Min=(X=-5600.000 Y=-50.000 Z=-6850.000), Max=(X=-5600.000 Y=-50.000 Z=-6850.000) RuntimeGrid:None EditorOnly:0 RuntimeOnly:0 HLODRelevant:0 ListedInSceneOutliner:1 IsMainWorldOnly:0 FolderPath:Lighting FolderGuid:963EC3EB4002CCE9759E2EBA541A873A
 |   |   |- Guid:3A00AA1C422CE54C0BDB60BAF471BFBB BaseClass: NativeClass:/Script/Engine.PlayerStart Name:PlayerStart_0 Label:PlayerStart SpatiallyLoaded:0 Bounds:IsValid=true, Min=(X=860.000 Y=1070.000 Z=0.013), Max=(X=940.000 Y=1150.000 Z=184.013) RuntimeGrid:None EditorOnly:0 RuntimeOnly:0 HLODRelevant:0 ListedInSceneOutliner:1 IsMainWorldOnly:0
 |   |   |- Guid:43815E84492231AFC407F59E3C28176B BaseClass: NativeClass:/Script/Engine.StaticMeshActor Name:StaticMeshActor_4 Label:SM_Cube6 SpatiallyLoaded:1 Bounds:IsValid=true, Min=(X=2900.000 Y=100.000 Z=0.000), Max=(X=3000.000 Y=3400.000 Z=400.000) RuntimeGrid:None EditorOnly:0 RuntimeOnly:0 HLODRelevant:1 ListedInSceneOutliner:1 IsMainWorldOnly:0 FolderPath:Playground FolderGuid:C73F09FC4215536B1DCE2A9E0A830C70
 |   |   |- Guid:4D3BE93F4146AAAC8BBE79999D96D57F BaseClass: NativeClass:/Script/Engine.VolumetricCloud Name:VolumetricCloud_0 Label:VolumetricCloud SpatiallyLoaded:0 Bounds:IsValid=true, Min=(X=0.000 Y=0.000 Z=820.000), Max=(X=0.000 Y=0.000 Z=820.000) RuntimeGrid:None EditorOnly:0 RuntimeOnly:0 HLODRelevant:0 ListedInSceneOutliner:1 IsMainWorldOnly:0 FolderPath:Lighting FolderGuid:963EC3EB4002CCE9759E2EBA541A873A
 |   |   |- Guid:59CE89D047C75FBE41189BA8ABD2CA2A BaseClass: NativeClass:/Script/Engine.StaticMeshActor Name:StaticMeshActor_18 Label:SM_QuarterCylinder SpatiallyLoaded:1 Bounds:IsValid=true, Min=(X=2500.000 Y=2800.000 Z=0.000), Max=(X=2600.000 Y=2900.000 Z=200.000) RuntimeGrid:None EditorOnly:0 RuntimeOnly:0 HLODRelevant:1 ListedInSceneOutliner:1 IsMainWorldOnly:0 FolderPath:Block02 FolderGuid:EBA23F8248252949750E43911A3A1CDD
 |   |   |- Guid:5B97F4A64FB21F77EFC44386BF705B4C BaseClass: NativeClass:/Script/Engine.TextRenderActor Name:TextRenderActor_1 Label:TextRenderActor SpatiallyLoaded:1 Bounds:IsValid=true, Min=(X=-0.100 Y=1100.000 Z=65.013), Max=(X=-0.100 Y=2392.308 Z=215.013) RuntimeGrid:None EditorOnly:0 RuntimeOnly:0 HLODRelevant:0 ListedInSceneOutliner:1 IsMainWorldOnly:0
 |   |   |- Guid:5E4DB4154690C8B4EB14EAA9E92FAAFF BaseClass: NativeClass:/Script/Engine.StaticMeshActor Name:StaticMeshActor_33 Label:SM_QuarterCylinder12 SpatiallyLoaded:1 Bounds:IsValid=true, Min=(X=2000.000 Y=700.000 Z=0.000), Max=(X=2200.000 Y=900.000 Z=100.000) RuntimeGrid:None EditorOnly:0 RuntimeOnly:0 HLODRelevant:1 ListedInSceneOutliner:1 IsMainWorldOnly:0 FolderPath:Cylinder FolderGuid:D075E5BA49330D3EC2503D81A7CF88D1
 |   |   |- Guid:6BAF4DDD444C60371492D3919DB42C97 BaseClass: NativeClass:/Script/Engine.WorldDataLayers Name:WorldDataLayers Label:WorldDataLayers SpatiallyLoaded:0 Bounds:Invalid RuntimeGrid:None EditorOnly:0 RuntimeOnly:0 HLODRelevant:0 ListedInSceneOutliner:1 IsMainWorldOnly:1
 |   |   |- Guid:745A095B4BA4E157E4537FA63F5B7B43 BaseClass: NativeClass:/Script/Engine.StaticMeshActor Name:StaticMeshActor_2 Label:SM_ChamferCube SpatiallyLoaded:1 Bounds:IsValid=true, Min=(X=1100.000 Y=2000.000 Z=0.013), Max=(X=1200.000 Y=2100.000 Z=100.013) RuntimeGrid:None EditorOnly:0 RuntimeOnly:0 HLODRelevant:0 ListedInSceneOutliner:1 IsMainWorldOnly:0
 |   |   |- Guid:7587444F4FB13B9B9CD114BBE7885340 BaseClass: NativeClass:/Script/Engine.StaticMeshActor Name:StaticMeshActor_19 Label:SM_QuarterCylinder2 SpatiallyLoaded:1 Bounds:IsValid=true, Min=(X=2500.000 Y=2600.000 Z=0.000), Max=(X=2600.000 Y=2700.000 Z=200.000) RuntimeGrid:None EditorOnly:0 RuntimeOnly:0 HLODRelevant:1 ListedInSceneOutliner:1 IsMainWorldOnly:0 FolderPath:Block02 FolderGuid:EBA23F8248252949750E43911A3A1CDD
 |   |   |- Guid:79C9B0C246824948C2428ABA13657451 BaseClass: NativeClass:/Script/Engine.StaticMeshActor Name:StaticMeshActor_25 Label:SM_QuarterCylinder6 SpatiallyLoaded:1 Bounds:IsValid=true, Min=(X=1200.000 Y=2200.000 Z=0.000), Max=(X=1300.000 Y=2300.000 Z=200.000) RuntimeGrid:None EditorOnly:0 RuntimeOnly:0 HLODRelevant:1 ListedInSceneOutliner:1 IsMainWorldOnly:0 FolderPath:Block01 FolderGuid:7D23E5AE4C2A421F86AF6986D87E6D05
 |   |   |- Guid:7C172A0740B33B6D38EEF38A63E0B945 BaseClass: NativeClass:/Script/Engine.StaticMeshActor Name:StaticMeshActor_3 Label:SM_Ramp SpatiallyLoaded:1 Bounds:IsValid=true, Min=(X=1300.000 Y=600.000 Z=0.000), Max=(X=1700.000 Y=800.000 Z=30.000) RuntimeGrid:None EditorOnly:0 RuntimeOnly:0 HLODRelevant:1 ListedInSceneOutliner:1 IsMainWorldOnly:0
 |   |   |- Guid:94F6D9A645798F5BAD0B58BEED8F27F5 BaseClass: NativeClass:/Script/Engine.StaticMeshActor Name:StaticMeshActor_32 Label:SM_QuarterCylinder11 SpatiallyLoaded:1 Bounds:IsValid=true, Min=(X=2200.000 Y=700.000 Z=-0.000), Max=(X=2400.000 Y=900.000 Z=100.000) RuntimeGrid:None EditorOnly:0 RuntimeOnly:0 HLODRelevant:1 ListedInSceneOutliner:1 IsMainWorldOnly:0 FolderPath:Cylinder FolderGuid:D075E5BA49330D3EC2503D81A7CF88D1
 |   |   |- Guid:961864A84FF6F65B68F2A3BE5819D538 BaseClass: NativeClass:/Script/Engine.StaticMeshActor Name:StaticMeshActor_8 Label:SM_Cube4 SpatiallyLoaded:1 Bounds:IsValid=true, Min=(X=1200.000 Y=1700.000 Z=0.000), Max=(X=1800.000 Y=2200.000 Z=200.000) RuntimeGrid:None EditorOnly:0 RuntimeOnly:0 HLODRelevant:1 ListedInSceneOutliner:1 IsMainWorldOnly:0 FolderPath:Block01 FolderGuid:7D23E5AE4C2A421F86AF6986D87E6D05
 |   |   |- Guid:9765ECF54858C165188C95B28D88016B BaseClass: NativeClass:/Script/Engine.StaticMeshActor Name:StaticMeshActor_12 Label:SM_Cube8 SpatiallyLoaded:1 Bounds:IsValid=true, Min=(X=1300.000 Y=2600.000 Z=0.000), Max=(X=2500.000 Y=2900.000 Z=200.000) RuntimeGrid:None EditorOnly:0 RuntimeOnly:0 HLODRelevant:1 ListedInSceneOutliner:1 IsMainWorldOnly:0 FolderPath:Block02 FolderGuid:EBA23F8248252949750E43911A3A1CDD
 |   |   |- Guid:9BFF363746062F457E2F92A4631DBA20 BaseClass: NativeClass:/Script/Engine.StaticMeshActor Name:StaticMeshActor_11 Label:SM_ChamferCube3 SpatiallyLoaded:1 Bounds:IsValid=true, Min=(X=481.699 Y=2271.699 Z=0.013), Max=(X=618.301 Y=2408.301 Z=100.013) RuntimeGrid:None EditorOnly:0 RuntimeOnly:0 HLODRelevant:0 ListedInSceneOutliner:1 IsMainWorldOnly:0
 |   |   |- Guid:A56216954B2165CF0F35A886B537D536 BaseClass: NativeClass:/Script/Engine.StaticMeshActor Name:StaticMeshActor_0 Label:SM_Cube5 SpatiallyLoaded:1 Bounds:IsValid=true, Min=(X=-0.000 Y=100.000 Z=0.000), Max=(X=100.000 Y=3400.000 Z=400.000) RuntimeGrid:None EditorOnly:0 RuntimeOnly:0 HLODRelevant:1 ListedInSceneOutliner:1 IsMainWorldOnly:0 FolderPath:Playground FolderGuid:C73F09FC4215536B1DCE2A9E0A830C70
 |   |   |- Guid:AB74120142217676C6EC818E6B49412B BaseClass: NativeClass:/Script/Engine.StaticMeshActor Name:StaticMeshActor_15 Label:SM_Cube10 SpatiallyLoaded:1 Bounds:IsValid=true, Min=(X=1800.000 Y=2100.000 Z=100.000), Max=(X=2000.000 Y=2200.000 Z=200.000) RuntimeGrid:None EditorOnly:0 RuntimeOnly:0 HLODRelevant:1 ListedInSceneOutliner:1 IsMainWorldOnly:0 FolderPath:Block01 FolderGuid:7D23E5AE4C2A421F86AF6986D87E6D05
 |   |   |- Guid:B785ED2844B84CFB91E7F39FE661CD99 BaseClass: NativeClass:/Script/Engine.DirectionalLight Name:DirectionalLight_0 Label:DirectionalLight SpatiallyLoaded:0 Bounds:Invalid RuntimeGrid:None EditorOnly:0 RuntimeOnly:0 HLODRelevant:0 ListedInSceneOutliner:1 IsMainWorldOnly:0 FolderPath:Lighting FolderGuid:963EC3EB4002CCE9759E2EBA541A873A
 |   |   |- Guid:BC08B79C4EA3C961CFF75EBBE83B367D BaseClass: NativeClass:/Script/Engine.StaticMeshActor Name:StaticMeshActor_5 Label:SM_Cube2 SpatiallyLoaded:1 Bounds:IsValid=true, Min=(X=0.000 Y=0.000 Z=0.000), Max=(X=3000.000 Y=100.000 Z=400.000) RuntimeGrid:None EditorOnly:0 RuntimeOnly:0 HLODRelevant:1 ListedInSceneOutliner:1 IsMainWorldOnly:0 FolderPath:Playground FolderGuid:C73F09FC4215536B1DCE2A9E0A830C70
 |   |   |- Guid:C15C2C8D4EA4ADE0BD1349AFD814988B BaseClass: NativeClass:/Script/Engine.StaticMeshActor Name:StaticMeshActor_14 Label:SM_Ramp3 SpatiallyLoaded:1 Bounds:IsValid=true, Min=(X=1800.000 Y=1700.000 Z=100.000), Max=(X=2000.000 Y=2100.000 Z=200.000) RuntimeGrid:None EditorOnly:0 RuntimeOnly:0 HLODRelevant:1 ListedInSceneOutliner:1 IsMainWorldOnly:0 FolderPath:Block01 FolderGuid:7D23E5AE4C2A421F86AF6986D87E6D05
 |   |   |- Guid:CCFF262C46EEFFDF319E7F9539CE697E BaseClass: NativeClass:/Script/Engine.SkyAtmosphere Name:SkyAtmosphere_0 Label:SkyAtmosphere SpatiallyLoaded:0 Bounds:IsValid=true, Min=(X=0.000 Y=0.000 Z=1020.000), Max=(X=0.000 Y=0.000 Z=1020.000) RuntimeGrid:None EditorOnly:0 RuntimeOnly:0 HLODRelevant:0 ListedInSceneOutliner:1 IsMainWorldOnly:0 FolderPath:Lighting FolderGuid:963EC3EB4002CCE9759E2EBA541A873A
 |   |   |- Guid:DBC730174A7F51D9E14433AEF0C30A39 BaseClass: NativeClass:/Script/Engine.StaticMeshActor Name:StaticMeshActor_24 Label:SM_Cube13 SpatiallyLoaded:1 Bounds:IsValid=true, Min=(X=300.000 Y=2700.000 Z=0.000), Max=(X=400.000 Y=2800.000 Z=200.000) RuntimeGrid:None EditorOnly:0 RuntimeOnly:0 HLODRelevant:1 ListedInSceneOutliner:1 IsMainWorldOnly:0 FolderPath:Block03 FolderGuid:7B7009C345D3D6DD94D3429E1D79C034
 |   |   |- Guid:DE3A079B4635A6D8D620CCBC6C0BB1C0 BaseClass: NativeClass:/Script/Engine.StaticMeshActor Name:StaticMeshActor_35 Label:SM_QuarterCylinder14 SpatiallyLoaded:1 Bounds:IsValid=true, Min=(X=2200.000 Y=500.000 Z=0.000), Max=(X=2400.000 Y=700.000 Z=100.000) RuntimeGrid:None EditorOnly:0 RuntimeOnly:0 HLODRelevant:1 ListedInSceneOutliner:1 IsMainWorldOnly:0 FolderPath:Cylinder FolderGuid:D075E5BA49330D3EC2503D81A7CF88D1
 |   |   |- Guid:E73E39994140315EB81324BF0A5D6400 BaseClass: NativeClass:/Script/Engine.StaticMeshActor Name:StaticMeshActor_10 Label:SM_ChamferCube2 SpatiallyLoaded:1 Bounds:IsValid=true, Min=(X=992.077 Y=2692.077 Z=0.013), Max=(X=1107.923 Y=2807.923 Z=100.013) RuntimeGrid:None EditorOnly:0 RuntimeOnly:0 HLODRelevant:0 ListedInSceneOutliner:1 IsMainWorldOnly:0
 |   |   |- Guid:E864EE5542C27D6674BEBB9312F02BB4 BaseClass: NativeClass:/Script/Engine.StaticMeshActor Name:StaticMeshActor_23 Label:SM_QuarterCylinder5 SpatiallyLoaded:1 Bounds:IsValid=true, Min=(X=300.000 Y=2800.000 Z=0.000), Max=(X=400.000 Y=2900.000 Z=200.000) RuntimeGrid:None EditorOnly:0 RuntimeOnly:0 HLODRelevant:1 ListedInSceneOutliner:1 IsMainWorldOnly:0 FolderPath:Block03 FolderGuid:7B7009C345D3D6DD94D3429E1D79C034
 |   |   |- Guid:EC4E0C944CE6AC6E784BC6BB2916EA13 BaseClass: NativeClass:/Script/Engine.StaticMeshActor Name:StaticMeshActor_UAID_A4AE111137DC5EFB00_1110535423 Label:SM_SkySphere SpatiallyLoaded:0 Bounds:IsValid=true, Min=(X=-1638400.000 Y=-1638400.000 Z=-1638400.000), Max=(X=1638400.000 Y=1638400.000 Z=1638400.000) RuntimeGrid:None EditorOnly:0 RuntimeOnly:0 HLODRelevant:0 ListedInSceneOutliner:1 IsMainWorldOnly:0 FolderPath:Lighting FolderGuid:963EC3EB4002CCE9759E2EBA541A873A
 |   |   |- Guid:EDAA34A64E50B17535C2EB826C12557D BaseClass: NativeClass:/Script/Engine.StaticMeshActor Name:StaticMeshActor_9 Label:SM_Ramp2 SpatiallyLoaded:1 Bounds:IsValid=true, Min=(X=1400.000 Y=1500.000 Z=0.000), Max=(X=1800.000 Y=1700.000 Z=100.000) RuntimeGrid:None EditorOnly:0 RuntimeOnly:0 HLODRelevant:1 ListedInSceneOutliner:1 IsMainWorldOnly:0 FolderPath:Block01 FolderGuid:7D23E5AE4C2A421F86AF6986D87E6D05
 |   |   |- Guid:F1924B8D48954B30891B2DB6A694F9CC BaseClass: NativeClass:/Script/Engine.StaticMeshActor Name:StaticMeshActor_1 Label:SM_Cube SpatiallyLoaded:1 Bounds:IsValid=true, Min=(X=0.000 Y=0.000 Z=-50.000), Max=(X=3000.000 Y=3500.000 Z=0.000) RuntimeGrid:None EditorOnly:0 RuntimeOnly:0 HLODRelevant:1 ListedInSceneOutliner:1 IsMainWorldOnly:0 FolderPath:Playground FolderGuid:C73F09FC4215536B1DCE2A9E0A830C70
 |   |   |- Guid:F4AAA1CA4D204EB96E54F5BD1EB46A62 BaseClass: NativeClass:/Script/Engine.StaticMeshActor Name:StaticMeshActor_7 Label:SM_Cube7 SpatiallyLoaded:1 Bounds:IsValid=true, Min=(X=1300.000 Y=2200.000 Z=0.000), Max=(X=1500.000 Y=2300.000 Z=200.000) RuntimeGrid:None EditorOnly:0 RuntimeOnly:0 HLODRelevant:1 ListedInSceneOutliner:1 IsMainWorldOnly:0 FolderPath:Block01 FolderGuid:7D23E5AE4C2A421F86AF6986D87E6D05
 |   |   |- Guid:F5E3FEB3450C49844FD93DA8E083C8AD BaseClass: NativeClass:/Script/Engine.PostProcessVolume Name:PostProcessVolume_0 Label:PostProcessVolume SpatiallyLoaded:0 Bounds:IsValid=true, Min=(X=0.000 Y=0.000 Z=400.000), Max=(X=200.000 Y=200.000 Z=600.000) RuntimeGrid:None EditorOnly:0 RuntimeOnly:0 HLODRelevant:0 ListedInSceneOutliner:1 IsMainWorldOnly:0 FolderPath:Lighting FolderGuid:963EC3EB4002CCE9759E2EBA541A873A
 |   |   |- Guid:F703AD214DE20FBE9DA411817BF79E0A BaseClass: NativeClass:/Script/Engine.StaticMeshActor Name:StaticMeshActor_21 Label:SM_QuarterCylinder3 SpatiallyLoaded:1 Bounds:IsValid=true, Min=(X=1500.000 Y=2200.000 Z=0.000), Max=(X=1600.000 Y=2300.000 Z=200.000) RuntimeGrid:None EditorOnly:0 RuntimeOnly:0 HLODRelevant:1 ListedInSceneOutliner:1 IsMainWorldOnly:0 FolderPath:Block01 FolderGuid:7D23E5AE4C2A421F86AF6986D87E6D05
 |   |   |- Guid:FF698C67459ADB4982D7759C0905EE9F BaseClass: NativeClass:/Script/Engine.StaticMeshActor Name:StaticMeshActor_6 Label:SM_Cube3 SpatiallyLoaded:1 Bounds:IsValid=true, Min=(X=0.000 Y=3400.000 Z=0.000), Max=(X=3000.000 Y=3500.000 Z=400.000) RuntimeGrid:None EditorOnly:0 RuntimeOnly:0 HLODRelevant:1 ListedInSceneOutliner:1 IsMainWorldOnly:0 FolderPath:Playground FolderGuid:C73F09FC4215536B1DCE2A9E0A830C70
 |   |- [+] Clusters:
 |   |   |- [+] [  0]
 |   |   |   |- Guid:08F9DC56444CFFF3F13B379E81EF05BC BaseClass: NativeClass:/Script/Engine.StaticMeshActor Name:StaticMeshActor_16 Label:SM_Cube11 SpatiallyLoaded:1 Bounds:IsValid=true, Min=(X=400.000 Y=2600.000 Z=0.000), Max=(X=700.000 Y=2900.000 Z=200.000) RuntimeGrid:None EditorOnly:0 RuntimeOnly:0 HLODRelevant:1 ListedInSceneOutliner:1 IsMainWorldOnly:0 FolderPath:Block03 FolderGuid:7B7009C345D3D6DD94D3429E1D79C034
 |   |   |- [+] [  1]
 |   |   |   |- Guid:0A733B864C327F0B589EC8BBDD0265BC BaseClass: NativeClass:/Script/Engine.StaticMeshActor Name:StaticMeshActor_13 Label:SM_Cube9 SpatiallyLoaded:1 Bounds:IsValid=true, Min=(X=1800.000 Y=1500.000 Z=0.000), Max=(X=2000.000 Y=2200.000 Z=100.000) RuntimeGrid:None EditorOnly:0 RuntimeOnly:0 HLODRelevant:1 ListedInSceneOutliner:1 IsMainWorldOnly:0 FolderPath:Block01 FolderGuid:7D23E5AE4C2A421F86AF6986D87E6D05
 |   |   |- [+] [  2]
 |   |   |   |- Guid:1A789DC8415097E9856E5DB60740F01D BaseClass: NativeClass:/Script/Engine.StaticMeshActor Name:StaticMeshActor_34 Label:SM_QuarterCylinder13 SpatiallyLoaded:1 Bounds:IsValid=true, Min=(X=2000.000 Y=500.000 Z=0.000), Max=(X=2200.000 Y=700.000 Z=100.000) RuntimeGrid:None EditorOnly:0 RuntimeOnly:0 HLODRelevant:1 ListedInSceneOutliner:1 IsMainWorldOnly:0 FolderPath:Cylinder FolderGuid:D075E5BA49330D3EC2503D81A7CF88D1
 |   |   |- [+] [  3]
 |   |   |   |- Guid:1B9598344A1F20E1A5125DA8A7E9FC0F BaseClass: NativeClass:/Script/Engine.StaticMeshActor Name:StaticMeshActor_22 Label:SM_QuarterCylinder4 SpatiallyLoaded:1 Bounds:IsValid=true, Min=(X=300.000 Y=2600.000 Z=0.000), Max=(X=400.000 Y=2700.000 Z=200.000) RuntimeGrid:None EditorOnly:0 RuntimeOnly:0 HLODRelevant:1 ListedInSceneOutliner:1 IsMainWorldOnly:0 FolderPath:Block03 FolderGuid:7B7009C345D3D6DD94D3429E1D79C034
 |   |   |- [+] [  4]
 |   |   |   |- Guid:26B8C3BE41021A3F42B61FA534F9181E BaseClass: NativeClass:/Script/Engine.StaticMeshActor Name:StaticMeshActor_20 Label:SM_Cube12 SpatiallyLoaded:1 Bounds:IsValid=true, Min=(X=2500.000 Y=2700.000 Z=0.000), Max=(X=2600.000 Y=2800.000 Z=200.000) RuntimeGrid:None EditorOnly:0 RuntimeOnly:0 HLODRelevant:1 ListedInSceneOutliner:1 IsMainWorldOnly:0 FolderPath:Block02 FolderGuid:EBA23F8248252949750E43911A3A1CDD
 |   |   |- [+] [  5]
 |   |   |   |- Guid:2FB58999456391D349DC0F86DAC136ED BaseClass: NativeClass:/Script/Engine.SkyLight Name:SkyLight_1 Label:SkyLight SpatiallyLoaded:0 Bounds:IsValid=true, Min=(X=0.000 Y=0.000 Z=690.000), Max=(X=0.000 Y=0.000 Z=690.000) RuntimeGrid:None EditorOnly:0 RuntimeOnly:0 HLODRelevant:0 ListedInSceneOutliner:1 IsMainWorldOnly:0 FolderPath:Lighting FolderGuid:963EC3EB4002CCE9759E2EBA541A873A
 |   |   |- [+] [  6]
 |   |   |   |- Guid:316CF2A6494ACA4C0E4180A87D36AB8F BaseClass: NativeClass:/Script/Engine.ExponentialHeightFog Name:ExponentialHeightFog_0 Label:ExponentialHeightFog SpatiallyLoaded:0 Bounds:IsValid=true, Min=(X=-5600.000 Y=-50.000 Z=-6850.000), Max=(X=-5600.000 Y=-50.000 Z=-6850.000) RuntimeGrid:None EditorOnly:0 RuntimeOnly:0 HLODRelevant:0 ListedInSceneOutliner:1 IsMainWorldOnly:0 FolderPath:Lighting FolderGuid:963EC3EB4002CCE9759E2EBA541A873A
 |   |   |- [+] [  7]
 |   |   |   |- Guid:3A00AA1C422CE54C0BDB60BAF471BFBB BaseClass: NativeClass:/Script/Engine.PlayerStart Name:PlayerStart_0 Label:PlayerStart SpatiallyLoaded:0 Bounds:IsValid=true, Min=(X=860.000 Y=1070.000 Z=0.013), Max=(X=940.000 Y=1150.000 Z=184.013) RuntimeGrid:None EditorOnly:0 RuntimeOnly:0 HLODRelevant:0 ListedInSceneOutliner:1 IsMainWorldOnly:0
 |   |   |- [+] [  8]
 |   |   |   |- Guid:43815E84492231AFC407F59E3C28176B BaseClass: NativeClass:/Script/Engine.StaticMeshActor Name:StaticMeshActor_4 Label:SM_Cube6 SpatiallyLoaded:1 Bounds:IsValid=true, Min=(X=2900.000 Y=100.000 Z=0.000), Max=(X=3000.000 Y=3400.000 Z=400.000) RuntimeGrid:None EditorOnly:0 RuntimeOnly:0 HLODRelevant:1 ListedInSceneOutliner:1 IsMainWorldOnly:0 FolderPath:Playground FolderGuid:C73F09FC4215536B1DCE2A9E0A830C70
 |   |   |- [+] [  9]
 |   |   |   |- Guid:4D3BE93F4146AAAC8BBE79999D96D57F BaseClass: NativeClass:/Script/Engine.VolumetricCloud Name:VolumetricCloud_0 Label:VolumetricCloud SpatiallyLoaded:0 Bounds:IsValid=true, Min=(X=0.000 Y=0.000 Z=820.000), Max=(X=0.000 Y=0.000 Z=820.000) RuntimeGrid:None EditorOnly:0 RuntimeOnly:0 HLODRelevant:0 ListedInSceneOutliner:1 IsMainWorldOnly:0 FolderPath:Lighting FolderGuid:963EC3EB4002CCE9759E2EBA541A873A
 |   |   |- [+] [ 10]
 |   |   |   |- Guid:59CE89D047C75FBE41189BA8ABD2CA2A BaseClass: NativeClass:/Script/Engine.StaticMeshActor Name:StaticMeshActor_18 Label:SM_QuarterCylinder SpatiallyLoaded:1 Bounds:IsValid=true, Min=(X=2500.000 Y=2800.000 Z=0.000), Max=(X=2600.000 Y=2900.000 Z=200.000) RuntimeGrid:None EditorOnly:0 RuntimeOnly:0 HLODRelevant:1 ListedInSceneOutliner:1 IsMainWorldOnly:0 FolderPath:Block02 FolderGuid:EBA23F8248252949750E43911A3A1CDD
 |   |   |- [+] [ 11]
 |   |   |   |- Guid:5B97F4A64FB21F77EFC44386BF705B4C BaseClass: NativeClass:/Script/Engine.TextRenderActor Name:TextRenderActor_1 Label:TextRenderActor SpatiallyLoaded:1 Bounds:IsValid=true, Min=(X=-0.100 Y=1100.000 Z=65.013), Max=(X=-0.100 Y=2392.308 Z=215.013) RuntimeGrid:None EditorOnly:0 RuntimeOnly:0 HLODRelevant:0 ListedInSceneOutliner:1 IsMainWorldOnly:0
 |   |   |- [+] [ 12]
 |   |   |   |- Guid:5E4DB4154690C8B4EB14EAA9E92FAAFF BaseClass: NativeClass:/Script/Engine.StaticMeshActor Name:StaticMeshActor_33 Label:SM_QuarterCylinder12 SpatiallyLoaded:1 Bounds:IsValid=true, Min=(X=2000.000 Y=700.000 Z=0.000), Max=(X=2200.000 Y=900.000 Z=100.000) RuntimeGrid:None EditorOnly:0 RuntimeOnly:0 HLODRelevant:1 ListedInSceneOutliner:1 IsMainWorldOnly:0 FolderPath:Cylinder FolderGuid:D075E5BA49330D3EC2503D81A7CF88D1
 |   |   |- [+] [ 13]
 |   |   |   |- Guid:6BAF4DDD444C60371492D3919DB42C97 BaseClass: NativeClass:/Script/Engine.WorldDataLayers Name:WorldDataLayers Label:WorldDataLayers SpatiallyLoaded:0 Bounds:Invalid RuntimeGrid:None EditorOnly:0 RuntimeOnly:0 HLODRelevant:0 ListedInSceneOutliner:1 IsMainWorldOnly:1
 |   |   |- [+] [ 14]
 |   |   |   |- Guid:745A095B4BA4E157E4537FA63F5B7B43 BaseClass: NativeClass:/Script/Engine.StaticMeshActor Name:StaticMeshActor_2 Label:SM_ChamferCube SpatiallyLoaded:1 Bounds:IsValid=true, Min=(X=1100.000 Y=2000.000 Z=0.013), Max=(X=1200.000 Y=2100.000 Z=100.013) RuntimeGrid:None EditorOnly:0 RuntimeOnly:0 HLODRelevant:0 ListedInSceneOutliner:1 IsMainWorldOnly:0
 |   |   |- [+] [ 15]
 |   |   |   |- Guid:7587444F4FB13B9B9CD114BBE7885340 BaseClass: NativeClass:/Script/Engine.StaticMeshActor Name:StaticMeshActor_19 Label:SM_QuarterCylinder2 SpatiallyLoaded:1 Bounds:IsValid=true, Min=(X=2500.000 Y=2600.000 Z=0.000), Max=(X=2600.000 Y=2700.000 Z=200.000) RuntimeGrid:None EditorOnly:0 RuntimeOnly:0 HLODRelevant:1 ListedInSceneOutliner:1 IsMainWorldOnly:0 FolderPath:Block02 FolderGuid:EBA23F8248252949750E43911A3A1CDD
 |   |   |- [+] [ 16]
 |   |   |   |- Guid:79C9B0C246824948C2428ABA13657451 BaseClass: NativeClass:/Script/Engine.StaticMeshActor Name:StaticMeshActor_25 Label:SM_QuarterCylinder6 SpatiallyLoaded:1 Bounds:IsValid=true, Min=(X=1200.000 Y=2200.000 Z=0.000), Max=(X=1300.000 Y=2300.000 Z=200.000) RuntimeGrid:None EditorOnly:0 RuntimeOnly:0 HLODRelevant:1 ListedInSceneOutliner:1 IsMainWorldOnly:0 FolderPath:Block01 FolderGuid:7D23E5AE4C2A421F86AF6986D87E6D05
 |   |   |- [+] [ 17]
 |   |   |   |- Guid:7C172A0740B33B6D38EEF38A63E0B945 BaseClass: NativeClass:/Script/Engine.StaticMeshActor Name:StaticMeshActor_3 Label:SM_Ramp SpatiallyLoaded:1 Bounds:IsValid=true, Min=(X=1300.000 Y=600.000 Z=0.000), Max=(X=1700.000 Y=800.000 Z=30.000) RuntimeGrid:None EditorOnly:0 RuntimeOnly:0 HLODRelevant:1 ListedInSceneOutliner:1 IsMainWorldOnly:0
 |   |   |- [+] [ 18]
 |   |   |   |- Guid:94F6D9A645798F5BAD0B58BEED8F27F5 BaseClass: NativeClass:/Script/Engine.StaticMeshActor Name:StaticMeshActor_32 Label:SM_QuarterCylinder11 SpatiallyLoaded:1 Bounds:IsValid=true, Min=(X=2200.000 Y=700.000 Z=-0.000), Max=(X=2400.000 Y=900.000 Z=100.000) RuntimeGrid:None EditorOnly:0 RuntimeOnly:0 HLODRelevant:1 ListedInSceneOutliner:1 IsMainWorldOnly:0 FolderPath:Cylinder FolderGuid:D075E5BA49330D3EC2503D81A7CF88D1
 |   |   |- [+] [ 19]
 |   |   |   |- Guid:961864A84FF6F65B68F2A3BE5819D538 BaseClass: NativeClass:/Script/Engine.StaticMeshActor Name:StaticMeshActor_8 Label:SM_Cube4 SpatiallyLoaded:1 Bounds:IsValid=true, Min=(X=1200.000 Y=1700.000 Z=0.000), Max=(X=1800.000 Y=2200.000 Z=200.000) RuntimeGrid:None EditorOnly:0 RuntimeOnly:0 HLODRelevant:1 ListedInSceneOutliner:1 IsMainWorldOnly:0 FolderPath:Block01 FolderGuid:7D23E5AE4C2A421F86AF6986D87E6D05
 |   |   |- [+] [ 20]
 |   |   |   |- Guid:9765ECF54858C165188C95B28D88016B BaseClass: NativeClass:/Script/Engine.StaticMeshActor Name:StaticMeshActor_12 Label:SM_Cube8 SpatiallyLoaded:1 Bounds:IsValid=true, Min=(X=1300.000 Y=2600.000 Z=0.000), Max=(X=2500.000 Y=2900.000 Z=200.000) RuntimeGrid:None EditorOnly:0 RuntimeOnly:0 HLODRelevant:1 ListedInSceneOutliner:1 IsMainWorldOnly:0 FolderPath:Block02 FolderGuid:EBA23F8248252949750E43911A3A1CDD
 |   |   |- [+] [ 21]
 |   |   |   |- Guid:9BFF363746062F457E2F92A4631DBA20 BaseClass: NativeClass:/Script/Engine.StaticMeshActor Name:StaticMeshActor_11 Label:SM_ChamferCube3 SpatiallyLoaded:1 Bounds:IsValid=true, Min=(X=481.699 Y=2271.699 Z=0.013), Max=(X=618.301 Y=2408.301 Z=100.013) RuntimeGrid:None EditorOnly:0 RuntimeOnly:0 HLODRelevant:0 ListedInSceneOutliner:1 IsMainWorldOnly:0
 |   |   |- [+] [ 22]
 |   |   |   |- Guid:A56216954B2165CF0F35A886B537D536 BaseClass: NativeClass:/Script/Engine.StaticMeshActor Name:StaticMeshActor_0 Label:SM_Cube5 SpatiallyLoaded:1 Bounds:IsValid=true, Min=(X=-0.000 Y=100.000 Z=0.000), Max=(X=100.000 Y=3400.000 Z=400.000) RuntimeGrid:None EditorOnly:0 RuntimeOnly:0 HLODRelevant:1 ListedInSceneOutliner:1 IsMainWorldOnly:0 FolderPath:Playground FolderGuid:C73F09FC4215536B1DCE2A9E0A830C70
 |   |   |- [+] [ 23]
 |   |   |   |- Guid:AB74120142217676C6EC818E6B49412B BaseClass: NativeClass:/Script/Engine.StaticMeshActor Name:StaticMeshActor_15 Label:SM_Cube10 SpatiallyLoaded:1 Bounds:IsValid=true, Min=(X=1800.000 Y=2100.000 Z=100.000), Max=(X=2000.000 Y=2200.000 Z=200.000) RuntimeGrid:None EditorOnly:0 RuntimeOnly:0 HLODRelevant:1 ListedInSceneOutliner:1 IsMainWorldOnly:0 FolderPath:Block01 FolderGuid:7D23E5AE4C2A421F86AF6986D87E6D05
 |   |   |- [+] [ 24]
 |   |   |   |- Guid:B785ED2844B84CFB91E7F39FE661CD99 BaseClass: NativeClass:/Script/Engine.DirectionalLight Name:DirectionalLight_0 Label:DirectionalLight SpatiallyLoaded:0 Bounds:Invalid RuntimeGrid:None EditorOnly:0 RuntimeOnly:0 HLODRelevant:0 ListedInSceneOutliner:1 IsMainWorldOnly:0 FolderPath:Lighting FolderGuid:963EC3EB4002CCE9759E2EBA541A873A
 |   |   |- [+] [ 25]
 |   |   |   |- Guid:BC08B79C4EA3C961CFF75EBBE83B367D BaseClass: NativeClass:/Script/Engine.StaticMeshActor Name:StaticMeshActor_5 Label:SM_Cube2 SpatiallyLoaded:1 Bounds:IsValid=true, Min=(X=0.000 Y=0.000 Z=0.000), Max=(X=3000.000 Y=100.000 Z=400.000) RuntimeGrid:None EditorOnly:0 RuntimeOnly:0 HLODRelevant:1 ListedInSceneOutliner:1 IsMainWorldOnly:0 FolderPath:Playground FolderGuid:C73F09FC4215536B1DCE2A9E0A830C70
 |   |   |- [+] [ 26]
 |   |   |   |- Guid:C15C2C8D4EA4ADE0BD1349AFD814988B BaseClass: NativeClass:/Script/Engine.StaticMeshActor Name:StaticMeshActor_14 Label:SM_Ramp3 SpatiallyLoaded:1 Bounds:IsValid=true, Min=(X=1800.000 Y=1700.000 Z=100.000), Max=(X=2000.000 Y=2100.000 Z=200.000) RuntimeGrid:None EditorOnly:0 RuntimeOnly:0 HLODRelevant:1 ListedInSceneOutliner:1 IsMainWorldOnly:0 FolderPath:Block01 FolderGuid:7D23E5AE4C2A421F86AF6986D87E6D05
 |   |   |- [+] [ 27]
 |   |   |   |- Guid:CCFF262C46EEFFDF319E7F9539CE697E BaseClass: NativeClass:/Script/Engine.SkyAtmosphere Name:SkyAtmosphere_0 Label:SkyAtmosphere SpatiallyLoaded:0 Bounds:IsValid=true, Min=(X=0.000 Y=0.000 Z=1020.000), Max=(X=0.000 Y=0.000 Z=1020.000) RuntimeGrid:None EditorOnly:0 RuntimeOnly:0 HLODRelevant:0 ListedInSceneOutliner:1 IsMainWorldOnly:0 FolderPath:Lighting FolderGuid:963EC3EB4002CCE9759E2EBA541A873A
 |   |   |- [+] [ 28]
 |   |   |   |- Guid:DBC730174A7F51D9E14433AEF0C30A39 BaseClass: NativeClass:/Script/Engine.StaticMeshActor Name:StaticMeshActor_24 Label:SM_Cube13 SpatiallyLoaded:1 Bounds:IsValid=true, Min=(X=300.000 Y=2700.000 Z=0.000), Max=(X=400.000 Y=2800.000 Z=200.000) RuntimeGrid:None EditorOnly:0 RuntimeOnly:0 HLODRelevant:1 ListedInSceneOutliner:1 IsMainWorldOnly:0 FolderPath:Block03 FolderGuid:7B7009C345D3D6DD94D3429E1D79C034
 |   |   |- [+] [ 29]
 |   |   |   |- Guid:DE3A079B4635A6D8D620CCBC6C0BB1C0 BaseClass: NativeClass:/Script/Engine.StaticMeshActor Name:StaticMeshActor_35 Label:SM_QuarterCylinder14 SpatiallyLoaded:1 Bounds:IsValid=true, Min=(X=2200.000 Y=500.000 Z=0.000), Max=(X=2400.000 Y=700.000 Z=100.000) RuntimeGrid:None EditorOnly:0 RuntimeOnly:0 HLODRelevant:1 ListedInSceneOutliner:1 IsMainWorldOnly:0 FolderPath:Cylinder FolderGuid:D075E5BA49330D3EC2503D81A7CF88D1
 |   |   |- [+] [ 30]
 |   |   |   |- Guid:E73E39994140315EB81324BF0A5D6400 BaseClass: NativeClass:/Script/Engine.StaticMeshActor Name:StaticMeshActor_10 Label:SM_ChamferCube2 SpatiallyLoaded:1 Bounds:IsValid=true, Min=(X=992.077 Y=2692.077 Z=0.013), Max=(X=1107.923 Y=2807.923 Z=100.013) RuntimeGrid:None EditorOnly:0 RuntimeOnly:0 HLODRelevant:0 ListedInSceneOutliner:1 IsMainWorldOnly:0
 |   |   |- [+] [ 31]
 |   |   |   |- Guid:E864EE5542C27D6674BEBB9312F02BB4 BaseClass: NativeClass:/Script/Engine.StaticMeshActor Name:StaticMeshActor_23 Label:SM_QuarterCylinder5 SpatiallyLoaded:1 Bounds:IsValid=true, Min=(X=300.000 Y=2800.000 Z=0.000), Max=(X=400.000 Y=2900.000 Z=200.000) RuntimeGrid:None EditorOnly:0 RuntimeOnly:0 HLODRelevant:1 ListedInSceneOutliner:1 IsMainWorldOnly:0 FolderPath:Block03 FolderGuid:7B7009C345D3D6DD94D3429E1D79C034
 |   |   |- [+] [ 32]
 |   |   |   |- Guid:EC4E0C944CE6AC6E784BC6BB2916EA13 BaseClass: NativeClass:/Script/Engine.StaticMeshActor Name:StaticMeshActor_UAID_A4AE111137DC5EFB00_1110535423 Label:SM_SkySphere SpatiallyLoaded:0 Bounds:IsValid=true, Min=(X=-1638400.000 Y=-1638400.000 Z=-1638400.000), Max=(X=1638400.000 Y=1638400.000 Z=1638400.000) RuntimeGrid:None EditorOnly:0 RuntimeOnly:0 HLODRelevant:0 ListedInSceneOutliner:1 IsMainWorldOnly:0 FolderPath:Lighting FolderGuid:963EC3EB4002CCE9759E2EBA541A873A
 |   |   |- [+] [ 33]
 |   |   |   |- Guid:EDAA34A64E50B17535C2EB826C12557D BaseClass: NativeClass:/Script/Engine.StaticMeshActor Name:StaticMeshActor_9 Label:SM_Ramp2 SpatiallyLoaded:1 Bounds:IsValid=true, Min=(X=1400.000 Y=1500.000 Z=0.000), Max=(X=1800.000 Y=1700.000 Z=100.000) RuntimeGrid:None EditorOnly:0 RuntimeOnly:0 HLODRelevant:1 ListedInSceneOutliner:1 IsMainWorldOnly:0 FolderPath:Block01 FolderGuid:7D23E5AE4C2A421F86AF6986D87E6D05
 |   |   |- [+] [ 34]
 |   |   |   |- Guid:F1924B8D48954B30891B2DB6A694F9CC BaseClass: NativeClass:/Script/Engine.StaticMeshActor Name:StaticMeshActor_1 Label:SM_Cube SpatiallyLoaded:1 Bounds:IsValid=true, Min=(X=0.000 Y=0.000 Z=-50.000), Max=(X=3000.000 Y=3500.000 Z=0.000) RuntimeGrid:None EditorOnly:0 RuntimeOnly:0 HLODRelevant:1 ListedInSceneOutliner:1 IsMainWorldOnly:0 FolderPath:Playground FolderGuid:C73F09FC4215536B1DCE2A9E0A830C70
 |   |   |- [+] [ 35]
 |   |   |   |- Guid:F4AAA1CA4D204EB96E54F5BD1EB46A62 BaseClass: NativeClass:/Script/Engine.StaticMeshActor Name:StaticMeshActor_7 Label:SM_Cube7 SpatiallyLoaded:1 Bounds:IsValid=true, Min=(X=1300.000 Y=2200.000 Z=0.000), Max=(X=1500.000 Y=2300.000 Z=200.000) RuntimeGrid:None EditorOnly:0 RuntimeOnly:0 HLODRelevant:1 ListedInSceneOutliner:1 IsMainWorldOnly:0 FolderPath:Block01 FolderGuid:7D23E5AE4C2A421F86AF6986D87E6D05
 |   |   |- [+] [ 36]
 |   |   |   |- Guid:F5E3FEB3450C49844FD93DA8E083C8AD BaseClass: NativeClass:/Script/Engine.PostProcessVolume Name:PostProcessVolume_0 Label:PostProcessVolume SpatiallyLoaded:0 Bounds:IsValid=true, Min=(X=0.000 Y=0.000 Z=400.000), Max=(X=200.000 Y=200.000 Z=600.000) RuntimeGrid:None EditorOnly:0 RuntimeOnly:0 HLODRelevant:0 ListedInSceneOutliner:1 IsMainWorldOnly:0 FolderPath:Lighting FolderGuid:963EC3EB4002CCE9759E2EBA541A873A
 |   |   |- [+] [ 37]
 |   |   |   |- Guid:F703AD214DE20FBE9DA411817BF79E0A BaseClass: NativeClass:/Script/Engine.StaticMeshActor Name:StaticMeshActor_21 Label:SM_QuarterCylinder3 SpatiallyLoaded:1 Bounds:IsValid=true, Min=(X=1500.000 Y=2200.000 Z=0.000), Max=(X=1600.000 Y=2300.000 Z=200.000) RuntimeGrid:None EditorOnly:0 RuntimeOnly:0 HLODRelevant:1 ListedInSceneOutliner:1 IsMainWorldOnly:0 FolderPath:Block01 FolderGuid:7D23E5AE4C2A421F86AF6986D87E6D05
 |   |   |- [+] [ 38]
 |   |   |   |- Guid:FF698C67459ADB4982D7759C0905EE9F BaseClass: NativeClass:/Script/Engine.StaticMeshActor Name:StaticMeshActor_6 Label:SM_Cube3 SpatiallyLoaded:1 Bounds:IsValid=true, Min=(X=0.000 Y=3400.000 Z=0.000), Max=(X=3000.000 Y=3500.000 Z=400.000) RuntimeGrid:None EditorOnly:0 RuntimeOnly:0 HLODRelevant:1 ListedInSceneOutliner:1 IsMainWorldOnly:0 FolderPath:Playground FolderGuid:C73F09FC4215536B1DCE2A9E0A830C70
 |- ContainerInstances:
 |- [+] MainContainer:
 |   |-        ID: 00000000000000000000000000000000
 |   |-  ParentID: 00000000000000000000000000000000
 |   |-    Bounds: IsValid=false, Min=(X=0.000 Y=0.000 Z=0.000), Max=(X=0.000 Y=0.000 Z=0.000)
 |   |- Transform: 0.000000,0.000000,0.000000|0.000000,0.000000,-0.000000|1.000000,1.000000,1.000000
 |   |- Container: /Game/ThirdPerson/Maps/DefaultThirdPersonMap
----------------------------------------------------------------------------------------------------------------
DefaultThirdPersonMap - Persistent Level
----------------------------------------------------------------------------------------------------------------
[+] Content of DefaultThirdPersonMap Persistent Level
 |- Always loaded Actor Count: 39 
 |- Actor Path: /Game/ThirdPerson/Maps/DefaultThirdPersonMap.DefaultThirdPersonMap:PersistentLevel.DirectionalLight_0
 |- Actor Package: /Game/__ExternalActors__/ThirdPerson/Maps/DefaultThirdPersonMap/2/C8/LELOE35HP69U8GBYYKJLE1
 |- Actor Path: /Game/ThirdPerson/Maps/DefaultThirdPersonMap.DefaultThirdPersonMap:PersistentLevel.ExponentialHeightFog_0
 |- Actor Package: /Game/__ExternalActors__/ThirdPerson/Maps/DefaultThirdPersonMap/E/94/Q3L7MHGQS0S37L8U190S33
 |- Actor Path: /Game/ThirdPerson/Maps/DefaultThirdPersonMap.DefaultThirdPersonMap:PersistentLevel.PlayerStart_0
 |- Actor Package: /Game/__ExternalActors__/ThirdPerson/Maps/DefaultThirdPersonMap/C/UE/GK2S4SSY0W05K8HMQI3CAG
 |- Actor Path: /Game/ThirdPerson/Maps/DefaultThirdPersonMap.DefaultThirdPersonMap:PersistentLevel.PostProcessVolume_0
 |- Actor Package: /Game/__ExternalActors__/ThirdPerson/Maps/DefaultThirdPersonMap/1/OG/UPV5XQL7XKP8T8PJ8Y93C1
 |- Actor Path: /Game/ThirdPerson/Maps/DefaultThirdPersonMap.DefaultThirdPersonMap:PersistentLevel.SkyAtmosphere_0
 |- Actor Package: /Game/__ExternalActors__/ThirdPerson/Maps/DefaultThirdPersonMap/2/X6/812ZKUBIUUSIVKKXXPW9IP
 |- Actor Path: /Game/ThirdPerson/Maps/DefaultThirdPersonMap.DefaultThirdPersonMap:PersistentLevel.SkyLight_1
 |- Actor Package: /Game/__ExternalActors__/ThirdPerson/Maps/DefaultThirdPersonMap/1/ER/H5LOW2QL3JDC9H1KUL537L
 |- Actor Path: /Game/ThirdPerson/Maps/DefaultThirdPersonMap.DefaultThirdPersonMap:PersistentLevel.StaticMeshActor_0
 |- Actor Package: /Game/__ExternalActors__/ThirdPerson/Maps/DefaultThirdPersonMap/9/21/JBY8AG0Q579AVWNJ8AE7PB
 |- Actor Path: /Game/ThirdPerson/Maps/DefaultThirdPersonMap.DefaultThirdPersonMap:PersistentLevel.StaticMeshActor_1
 |- Actor Package: /Game/__ExternalActors__/ThirdPerson/Maps/DefaultThirdPersonMap/8/UJ/4BAVRSHH6N2B91WNC1RM01
 |- Actor Path: /Game/ThirdPerson/Maps/DefaultThirdPersonMap.DefaultThirdPersonMap:PersistentLevel.StaticMeshActor_10
 |- Actor Package: /Game/__ExternalActors__/ThirdPerson/Maps/DefaultThirdPersonMap/1/PK/007CKXKNEBD2VIKRLRRT65
 |- Actor Path: /Game/ThirdPerson/Maps/DefaultThirdPersonMap.DefaultThirdPersonMap:PersistentLevel.StaticMeshActor_11
 |- Actor Package: /Game/__ExternalActors__/ThirdPerson/Maps/DefaultThirdPersonMap/9/Q7/QBMPXW8WWLWE7LZ6V84YHT
 |- Actor Path: /Game/ThirdPerson/Maps/DefaultThirdPersonMap.DefaultThirdPersonMap:PersistentLevel.StaticMeshActor_12
 |- Actor Package: /Game/__ExternalActors__/ThirdPerson/Maps/DefaultThirdPersonMap/7/M0/OEZIWI7M4FTZE7055TICN5
 |- Actor Path: /Game/ThirdPerson/Maps/DefaultThirdPersonMap.DefaultThirdPersonMap:PersistentLevel.StaticMeshActor_13
 |- Actor Package: /Game/__ExternalActors__/ThirdPerson/Maps/DefaultThirdPersonMap/B/77/GMP8UBOZAU7X7H5MIUBAK5
 |- Actor Path: /Game/ThirdPerson/Maps/DefaultThirdPersonMap.DefaultThirdPersonMap:PersistentLevel.StaticMeshActor_14
 |- Actor Package: /Game/__ExternalActors__/ThirdPerson/Maps/DefaultThirdPersonMap/B/2X/UVJQQD5P1WV4AZ7AEBNE0Z
 |- Actor Path: /Game/ThirdPerson/Maps/DefaultThirdPersonMap.DefaultThirdPersonMap:PersistentLevel.StaticMeshActor_15
 |- Actor Package: /Game/__ExternalActors__/ThirdPerson/Maps/DefaultThirdPersonMap/2/YS/80YL20I5VSXB100EJ5QE4T
 |- Actor Path: /Game/ThirdPerson/Maps/DefaultThirdPersonMap.DefaultThirdPersonMap:PersistentLevel.StaticMeshActor_16
 |- Actor Package: /Game/__ExternalActors__/ThirdPerson/Maps/DefaultThirdPersonMap/4/01/DOP571N6PU7YF15YOWT6VQ
 |- Actor Path: /Game/ThirdPerson/Maps/DefaultThirdPersonMap.DefaultThirdPersonMap:PersistentLevel.StaticMeshActor_18
 |- Actor Package: /Game/__ExternalActors__/ThirdPerson/Maps/DefaultThirdPersonMap/2/F6/YUAMPQFUKSNVARWW0CESD0
 |- Actor Path: /Game/ThirdPerson/Maps/DefaultThirdPersonMap.DefaultThirdPersonMap:PersistentLevel.StaticMeshActor_19
 |- Actor Package: /Game/__ExternalActors__/ThirdPerson/Maps/DefaultThirdPersonMap/2/MN/BNYMUHZGTQ2NVLQGGGC9PR
 |- Actor Path: /Game/ThirdPerson/Maps/DefaultThirdPersonMap.DefaultThirdPersonMap:PersistentLevel.StaticMeshActor_2
 |- Actor Package: /Game/__ExternalActors__/ThirdPerson/Maps/DefaultThirdPersonMap/6/2A/NP64P0KXPNQJ5UQP5NV8AS
 |- Actor Path: /Game/ThirdPerson/Maps/DefaultThirdPersonMap.DefaultThirdPersonMap:PersistentLevel.StaticMeshActor_20
 |- Actor Package: /Game/__ExternalActors__/ThirdPerson/Maps/DefaultThirdPersonMap/E/5F/FU627X21BBJWVZZ9RSQX7F
 |- Actor Path: /Game/ThirdPerson/Maps/DefaultThirdPersonMap.DefaultThirdPersonMap:PersistentLevel.StaticMeshActor_21
 |- Actor Package: /Game/__ExternalActors__/ThirdPerson/Maps/DefaultThirdPersonMap/4/8G/3VZ2P832BFCFQ3Y0W2074V
 |- Actor Path: /Game/ThirdPerson/Maps/DefaultThirdPersonMap.DefaultThirdPersonMap:PersistentLevel.StaticMeshActor_22
 |- Actor Package: /Game/__ExternalActors__/ThirdPerson/Maps/DefaultThirdPersonMap/6/8L/3E6L2GBYLHQKG8HZHQ48CT
 |- Actor Path: /Game/ThirdPerson/Maps/DefaultThirdPersonMap.DefaultThirdPersonMap:PersistentLevel.StaticMeshActor_23
 |- Actor Package: /Game/__ExternalActors__/ThirdPerson/Maps/DefaultThirdPersonMap/2/S3/V0WIS34L9DWGGWQUFMAJBC
 |- Actor Path: /Game/ThirdPerson/Maps/DefaultThirdPersonMap.DefaultThirdPersonMap:PersistentLevel.StaticMeshActor_24
 |- Actor Package: /Game/__ExternalActors__/ThirdPerson/Maps/DefaultThirdPersonMap/C/92/SUEYP11NN6ER76ACAJ7EXA
 |- Actor Path: /Game/ThirdPerson/Maps/DefaultThirdPersonMap.DefaultThirdPersonMap:PersistentLevel.StaticMeshActor_25
 |- Actor Package: /Game/__ExternalActors__/ThirdPerson/Maps/DefaultThirdPersonMap/3/VX/KUPMT3236WSZ137SSS65A7
 |- Actor Path: /Game/ThirdPerson/Maps/DefaultThirdPersonMap.DefaultThirdPersonMap:PersistentLevel.StaticMeshActor_3
 |- Actor Package: /Game/__ExternalActors__/ThirdPerson/Maps/DefaultThirdPersonMap/2/4I/MVEGAMDVOBQKQBUPOJX3CP
 |- Actor Path: /Game/ThirdPerson/Maps/DefaultThirdPersonMap.DefaultThirdPersonMap:PersistentLevel.StaticMeshActor_32
 |- Actor Package: /Game/__ExternalActors__/ThirdPerson/Maps/DefaultThirdPersonMap/4/03/HFBIXLKN0W188OV1YVH3ET
 |- Actor Path: /Game/ThirdPerson/Maps/DefaultThirdPersonMap.DefaultThirdPersonMap:PersistentLevel.StaticMeshActor_33
 |- Actor Package: /Game/__ExternalActors__/ThirdPerson/Maps/DefaultThirdPersonMap/C/I8/YYOZVQNRC1J29ZFOXAWF5D
 |- Actor Path: /Game/ThirdPerson/Maps/DefaultThirdPersonMap.DefaultThirdPersonMap:PersistentLevel.StaticMeshActor_34
 |- Actor Package: /Game/__ExternalActors__/ThirdPerson/Maps/DefaultThirdPersonMap/6/B4/D9JYUMF1MGNCDNTNXFOXLP
 |- Actor Path: /Game/ThirdPerson/Maps/DefaultThirdPersonMap.DefaultThirdPersonMap:PersistentLevel.StaticMeshActor_35
 |- Actor Package: /Game/__ExternalActors__/ThirdPerson/Maps/DefaultThirdPersonMap/4/CA/613BKQT4LX90GY7U0CU3WD
 |- Actor Path: /Game/ThirdPerson/Maps/DefaultThirdPersonMap.DefaultThirdPersonMap:PersistentLevel.StaticMeshActor_4
 |- Actor Package: /Game/__ExternalActors__/ThirdPerson/Maps/DefaultThirdPersonMap/1/N9/94R1D0H8FLABJL2EU8PXF4
 |- Actor Path: /Game/ThirdPerson/Maps/DefaultThirdPersonMap.DefaultThirdPersonMap:PersistentLevel.StaticMeshActor_5
 |- Actor Package: /Game/__ExternalActors__/ThirdPerson/Maps/DefaultThirdPersonMap/C/23/JHDZ946Q556WHCCBW9DDCP
 |- Actor Path: /Game/ThirdPerson/Maps/DefaultThirdPersonMap.DefaultThirdPersonMap:PersistentLevel.StaticMeshActor_6
 |- Actor Package: /Game/__ExternalActors__/ThirdPerson/Maps/DefaultThirdPersonMap/B/28/AH48EWMD6F69KTKKZD3DQZ
 |- Actor Path: /Game/ThirdPerson/Maps/DefaultThirdPersonMap.DefaultThirdPersonMap:PersistentLevel.StaticMeshActor_7
 |- Actor Package: /Game/__ExternalActors__/ThirdPerson/Maps/DefaultThirdPersonMap/6/MA/3G2AMC7N3216QTOY9HN5RT
 |- Actor Path: /Game/ThirdPerson/Maps/DefaultThirdPersonMap.DefaultThirdPersonMap:PersistentLevel.StaticMeshActor_8
 |- Actor Package: /Game/__ExternalActors__/ThirdPerson/Maps/DefaultThirdPersonMap/2/78/ID95TPZLD60C7HZ177GB3N
 |- Actor Path: /Game/ThirdPerson/Maps/DefaultThirdPersonMap.DefaultThirdPersonMap:PersistentLevel.StaticMeshActor_9
 |- Actor Package: /Game/__ExternalActors__/ThirdPerson/Maps/DefaultThirdPersonMap/0/1Z/JGDVIO8TCDKA1GAPF97BS0
 |- Actor Path: /Game/ThirdPerson/Maps/DefaultThirdPersonMap.DefaultThirdPersonMap:PersistentLevel.StaticMeshActor_UAID_A4AE111137DC5EFB00_1110535423
 |- Actor Package: /Game/__ExternalActors__/ThirdPerson/Maps/DefaultThirdPersonMap/3/LU/BU9M8D5CAZ84YFH0DHJ7BU
 |- Actor Path: /Game/ThirdPerson/Maps/DefaultThirdPersonMap.DefaultThirdPersonMap:PersistentLevel.TextRenderActor_1
 |- Actor Package: /Game/__ExternalActors__/ThirdPerson/Maps/DefaultThirdPersonMap/4/C2/JJL2F88AMAMV8T9L0OOHCS
 |- Actor Path: /Game/ThirdPerson/Maps/DefaultThirdPersonMap.DefaultThirdPersonMap:PersistentLevel.VolumetricCloud_0
 |- Actor Package: /Game/__ExternalActors__/ThirdPerson/Maps/DefaultThirdPersonMap/4/A6/CJOGFT35Y1J4MTJ14N2FG3
 |- Actor Path: /Game/ThirdPerson/Maps/DefaultThirdPersonMap.DefaultThirdPersonMap:PersistentLevel.WorldDataLayers
 |- Actor Package: /Game/__ExternalActors__/ThirdPerson/Maps/DefaultThirdPersonMap/2/A1/975ME1Y1Y2AWJLEFMRDRW4

----------------------------------------------------------------------------------------------------------------
DefaultThirdPersonMap - Runtime Hash Set
----------------------------------------------------------------------------------------------------------------

